C:\Program Files\Microsoft Visual Studio\2022\Community\MSBuild\Microsoft\VC\v170\Microsoft.CppBuild.targets(531,5): warning MSB8028: The intermediate directory (x64\Debug\) contains files shared from another project (OpenGLDemo.vcxproj).  This can lead to incorrect clean and rebuild behavior.
  camera.cpp
  Model.cpp
  CG_Project1.cpp
C:\Users\dark_\Documents\GitHub\OpenGLDemo\OpenGLDemo\CG_Project1.cpp(24,111): warning C4244: 'argument': conversion from 'float' to 'int', possible loss of data
C:\Users\dark_\Documents\GitHub\OpenGLDemo\OpenGLDemo\CG_Project1.cpp(24,98): warning C4244: 'argument': conversion from 'float' to 'int', possible loss of data
C:\Users\dark_\Documents\GitHub\OpenGLDemo\OpenGLDemo\CG_Project1.cpp(208,22): warning C4244: 'initializing': conversion from 'int' to 'float', possible loss of data
C:\Users\dark_\Documents\GitHub\OpenGLDemo\OpenGLDemo\CG_Project1.cpp(220,19): warning C4244: '=': conversion from 'int' to 'float', possible loss of data
C:\Users\dark_\Documents\GitHub\OpenGLDemo\OpenGLDemo\CG_Project1.cpp(228,58): warning C4244: 'argument': conversion from 'Sint32' to 'float', possible loss of data
C:\Users\dark_\Documents\GitHub\OpenGLDemo\OpenGLDemo\CG_Project1.cpp(228,42): warning C4244: 'argument': conversion from 'Sint32' to 'float', possible loss of data
C:\Users\dark_\Documents\GitHub\OpenGLDemo\OpenGLDemo\CG_Project1.cpp(232,42): warning C4244: 'argument': conversion from 'Sint32' to 'float', possible loss of data
C:\Users\dark_\Documents\GitHub\OpenGLDemo\OpenGLDemo\CG_Project1.cpp(116,13): warning C4101: 'height': unreferenced local variable
C:\Users\dark_\Documents\GitHub\OpenGLDemo\OpenGLDemo\CG_Project1.cpp(116,21): warning C4101: 'nrChannels': unreferenced local variable
C:\Users\dark_\Documents\GitHub\OpenGLDemo\OpenGLDemo\CG_Project1.cpp(116,6): warning C4101: 'width': unreferenced local variable
  Shader.cpp
C:\Users\dark_\Documents\GitHub\OpenGLDemo\OpenGLDemo\Shader.cpp(36,33): warning C4101: 'e': unreferenced local variable
  stb_image.cpp
  Texture.cpp
  Generating Code...
  glad.c
  OpenGLDemo.vcxproj -> C:\Users\dark_\Documents\GitHub\OpenGLDemo\x64\Debug\CG_Project1.exe
